<?xml version="1.0" encoding="UTF-8"?>
<!-- Generated by org.testng.reporters.JUnitReportReporter -->
<testsuite hostname="DESKTOP-EO42R5F" failures="0" tests="1" name="com.Actitime.GenericLibrary.Base" time="17.791" errors="0" timestamp="2022-11-30T13:03:44 IST" skipped="0">
  <testcase classname="com.Actitime.GenericLibrary.Base" name="createcustomer" time="17.791"/>
  <system-out>
    <![CDATA[customer created]]>
  </system-out>
</testsuite> <!-- com.Actitime.GenericLibrary.Base -->
